[debug] [2023-08-01T15:30:14.143Z] ----------------------------------------------------------------------
[debug] [2023-08-01T15:30:14.144Z] Command:       /usr/local/bin/node /usr/local/bin/firebase serve
[debug] [2023-08-01T15:30:14.145Z] CLI Version:   12.4.2
[debug] [2023-08-01T15:30:14.145Z] Platform:      darwin
[debug] [2023-08-01T15:30:14.145Z] Node Version:  v18.15.0
[debug] [2023-08-01T15:30:14.146Z] Time:          Tue Aug 01 2023 16:30:14 GMT+0100 (British Summer Time)
[debug] [2023-08-01T15:30:14.146Z] ----------------------------------------------------------------------
[debug] 
[debug] [2023-08-01T15:30:14.198Z] > command requires scopes: ["email","openid","https://www.googleapis.com/auth/cloudplatformprojects.readonly","https://www.googleapis.com/auth/firebase","https://www.googleapis.com/auth/cloud-platform"]
[debug] [2023-08-01T15:30:14.198Z] > authorizing via signed-in user (aditi.parikh0526@gmail.com)
[debug] [2023-08-01T15:30:14.198Z] [iam] checking project portfolio-c332d for permissions ["firebase.projects.get"]
[debug] [2023-08-01T15:30:14.199Z] >>> [apiv2][query] POST https://cloudresourcemanager.googleapis.com/v1/projects/portfolio-c332d:testIamPermissions [none]
[debug] [2023-08-01T15:30:14.199Z] >>> [apiv2][(partial)header] POST https://cloudresourcemanager.googleapis.com/v1/projects/portfolio-c332d:testIamPermissions x-goog-quota-user=projects/portfolio-c332d
[debug] [2023-08-01T15:30:14.199Z] >>> [apiv2][body] POST https://cloudresourcemanager.googleapis.com/v1/projects/portfolio-c332d:testIamPermissions {"permissions":["firebase.projects.get"]}
[debug] [2023-08-01T15:30:14.870Z] <<< [apiv2][status] POST https://cloudresourcemanager.googleapis.com/v1/projects/portfolio-c332d:testIamPermissions 200
[debug] [2023-08-01T15:30:14.871Z] <<< [apiv2][body] POST https://cloudresourcemanager.googleapis.com/v1/projects/portfolio-c332d:testIamPermissions {"permissions":["firebase.projects.get"]}
[debug] [2023-08-01T15:30:14.871Z] >>> [apiv2][query] GET https://firebase.googleapis.com/v1beta1/projects/portfolio-c332d [none]
[debug] [2023-08-01T15:30:15.117Z] <<< [apiv2][status] GET https://firebase.googleapis.com/v1beta1/projects/portfolio-c332d 200
[debug] [2023-08-01T15:30:15.118Z] <<< [apiv2][body] GET https://firebase.googleapis.com/v1beta1/projects/portfolio-c332d {"projectId":"portfolio-c332d","projectNumber":"992573794108","displayName":"portfolio","name":"projects/portfolio-c332d","resources":{"hostingSite":"portfolio-c332d"},"state":"ACTIVE","etag":"1_b828dce8-19ca-4616-87bb-890ec416206a"}
[info] 
[info] === Serving from '/Users/aditi/Documents/Web-Development/website'...
[info] 
[debug] [2023-08-01T15:30:15.123Z] >>> [apiv2][query] GET https://firebasehosting.googleapis.com/v1beta1/projects/portfolio-c332d/sites 
[debug] [2023-08-01T15:30:15.999Z] <<< [apiv2][status] GET https://firebasehosting.googleapis.com/v1beta1/projects/portfolio-c332d/sites 200
[debug] [2023-08-01T15:30:15.999Z] <<< [apiv2][body] GET https://firebasehosting.googleapis.com/v1beta1/projects/portfolio-c332d/sites {"sites":[{"name":"projects/portfolio-c332d/sites/portfolio-c332d","defaultUrl":"https://portfolio-c332d.web.app","type":"DEFAULT_SITE"}]}
[debug] [2023-08-01T15:30:16.000Z] >>> [apiv2][query] GET https://firebase.googleapis.com/v1beta1/projects/portfolio-c332d/webApps/-/config [none]
[debug] [2023-08-01T15:30:16.609Z] <<< [apiv2][status] GET https://firebase.googleapis.com/v1beta1/projects/portfolio-c332d/webApps/-/config 200
[debug] [2023-08-01T15:30:16.609Z] <<< [apiv2][body] GET https://firebase.googleapis.com/v1beta1/projects/portfolio-c332d/webApps/-/config {"projectId":"portfolio-c332d","storageBucket":"portfolio-c332d.appspot.com","apiKey":"AIzaSyB-3cIyEBr-nWK9OwXieHe5264ZQ4GgtHE","authDomain":"portfolio-c332d.firebaseapp.com","messagingSenderId":"992573794108"}
[debug] [2023-08-01T15:30:16.616Z] >>> [apiv2][query] GET https://firebase.googleapis.com/v1beta1/projects/portfolio-c332d [none]
[debug] [2023-08-01T15:30:16.880Z] <<< [apiv2][status] GET https://firebase.googleapis.com/v1beta1/projects/portfolio-c332d 200
[debug] [2023-08-01T15:30:16.880Z] <<< [apiv2][body] GET https://firebase.googleapis.com/v1beta1/projects/portfolio-c332d {"projectId":"portfolio-c332d","projectNumber":"992573794108","displayName":"portfolio","name":"projects/portfolio-c332d","resources":{"hostingSite":"portfolio-c332d"},"state":"ACTIVE","etag":"1_b828dce8-19ca-4616-87bb-890ec416206a"}
[info] i  hosting[portfolio-c332d]: Serving hosting files from: build {"metadata":{"emulator":{"name":"hosting"},"message":"Serving hosting files from: \u001b[1mbuild\u001b[22m"}}
[info] ✔  hosting[portfolio-c332d]: Local server: http://localhost:5002 {"metadata":{"emulator":{"name":"hosting"},"message":"Local server: \u001b[4m\u001b[1mhttp://localhost:5002\u001b[22m\u001b[24m"}}
